<?xml version="1.0" encoding="UTF-8"?>
<!-- Generated by org.testng.reporters.JUnitReportReporter -->
<testsuite hostname="IS-L5P16-RK" failures="0" tests="3" name="com.Factorlab.Tests.FactorlabLogin" time="44.380" errors="0" timestamp="2023-01-04T04:36:26 IST" skipped="0">
  <testcase classname="com.Factorlab.Tests.FactorlabLogin" name="Testthird" time="0.000"/>
  <system-out/>
  <testcase classname="com.Factorlab.Tests.FactorlabLogin" name="Testsecond" time="0.000"/>
  <system-out/>
  <testcase classname="com.Factorlab.Tests.FactorlabLogin" name="TestLogin" time="44.380"/>
  <system-out/>
</testsuite> <!-- com.Factorlab.Tests.FactorlabLogin -->
